-0.0 -0.0 
0.03860028851002591 89.15340183439793 
0.07720057702005181 157.75958215954554 
0.11580086553007772 207.53750320837364 
0.15440115404010363 240.2061272138133 
0.19300144255012952 257.48441640879525 
0.2316017310601554 261.09133302625037 
0.2702020195701813 252.74583929910972 
0.3088023080802072 234.16689746030403 
0.3474025965902331 207.07346974276413 
0.386002885100259 173.1845183794212 
0.4246031736102849 134.2190056032057 
0.46320346212031077 91.8958936470489 
0.5018037506303367 47.934144743881205 
0.5404040391403626 4.052721126634111 
0.5790043276503886 -38.029414971761895 
0.6176046161604145 -76.59330131837575 
0.6562049046704405 -109.91997568027674 
0.6948051931804664 -136.2904758245339 
0.7334054816904924 -153.98583951821624 
0.7720057702005183 -161.28710452839334 
0.8106060587105443 -156.47530862213358 
0.8492063472205702 -137.83148956650666 
0.8878066357305961 -103.63668512858145 
0.9264069242406221 -52.17193307542705 
0.965007212750648 18.28172882588686 
1.003607501260674 109.44326280829279 
1.0422077897706998 223.03163110471996 
1.0808080782807257 360.7657959481001 
1.1194083667907515 524.3647195713631 
1.1580086553007773 715.5473642074405 
1.1966089438108032 936.0326920892627 
1.235209232320829 1187.5396654497615 
